KCPSM6 Assembler log file for program 'C:\FPGA_Projects\lab7\software\software.psm'.
Generated by KCPSM6 version v2.51
Ken Chapman - Xilinx Ltd - 29th May 2013

Assembly datestamp: 18 Nov 2017
Assembly timestamp: 12:37:48

Contents
  Assembly listing
  List of PSM files
  List of CONSTANTs
  List of TABLEs
  List of STRINGs
  List of line labels
  Instruction usage statistics


Last occupied address: 015 hex
Nominal program memory size: 1K (1024)   address(9:0)
Actual memory size: 4096
  (Default memory size)
Occupied memory locations: 22
Memory locations available: 4074


Assembly listing

 Addr Code              Instruction

 000                    ;;============================================================================
 000                    ;; File: software.psm
 000                    ;; This is the PicoBlaze program for EE178 Lab #7.
 000                    ;;============================================================================
 000                    ;;============================================================================
 000                    ;; Port address declarations.
 000                    ;;============================================================================
 000                    CONSTANT switches_lo, 00  ; port for 8-bit switch input
 000                    CONSTANT switches_hi, 01  ; port for 8-bit switch input
 000                    CONSTANT leds_lo, 02      ; port for 8-bit led data out
 000                    CONSTANT leds_hi, 03      ; port for 8-bit led data out
 000                    CONSTANT my_sid_lo, 17    ; lo byte of student id (put yours here)
 000                    CONSTANT my_sid_hi, 03    ; hi byte of student id (put yours here)
 000                    CONSTANT zero, 00         ; zero
 000                    CONSTANT one, 01          ; one
 000                    CONSTANT eight, 08        ; eight
 000                    ;;============================================================================
 000                    ;; Infinite loop.
 000                    ;;============================================================================
 000  09000       loop: INPUT s0, 00[switches_lo] ; get lo switch values
 001  09101             INPUT s1, 01[switches_hi] ; get hi switch values
 002  1D017             COMPARE s0, 17[my_sid_lo]
 003  36009             JUMP NZ, 009[countones]
 004  1D103             COMPARE s1, 03[my_sid_hi]
 005  36009             JUMP NZ, 009[countones]
 006  2D002             OUTPUT s0, 02[leds_lo]    ; put lo led values
 007  2D103             OUTPUT s1, 03[leds_hi]    ; put hi led values
 008  22000             JUMP 000[loop]            ; go back and repeat
 009  01200  countones: LOAD s2, 00
 00A  01308             LOAD s3, 08
 00B  1400E  checkbits: SR0 s0
 00C  13200             ADDCY s2, 00
 00D  1410E             SR0 s1
 00E  13200             ADDCY s2, 00
 00F  19301             SUB s3, 01
 010  1D300             COMPARE s3, 00
 011  3600B             JUMP NZ, 00B[checkbits]
 012  2D202             OUTPUT s2, 02[leds_lo]
 013  01200             LOAD s2, 00
 014  2D203             OUTPUT s2, 03[leds_hi]
 015  22000             JUMP 000[loop]            ; go back and repeat
 016                    ;;============================================================================
 016                    ;;
 016                    ;;============================================================================



List of PSM files that have been assembled

C:\FPGA_Projects\lab7\software\software.psm



List of defined constants

 CONSTANT name     Value        Source PSM File

 timestamp_hours   12'd         
 timestamp_minutes 37'd         
 timestamp_seconds 48'd         
 datestamp_year    17'd         
 datestamp_month   11'd         
 datestamp_day     18'd         
 NUL               00           
 BEL               07           
 BS                08           
 HT                09           
 LF                0A           
 VT                0B           
 CR                0D           
 ESC               1B           
 DEL               7F           
 DCS               90           
 ST                9C           
 switches_lo       00           software.psm
 switches_hi       01           software.psm
 leds_lo           02           software.psm
 leds_hi           03           software.psm
 my_sid_lo         17           software.psm
 my_sid_hi         03           software.psm
 zero              00           software.psm
 one               01           software.psm
 eight             08           software.psm



No TABLEs defined



List of text strings

 STRING name       String         Source PSM File

 KCPSM6_version$   "v2.51"        
 datestamp$        "18 Nov 2017"  
 timestamp$        "12:37:48"     



List of line labels

   Label       Addr  Source PSM File

   loop        000   software.psm
   countones   009   software.psm
   checkbits   00B   software.psm



Instruction usage statistics

 Instruction    Instances

 LOAD              3
 STAR              -

 AND               -
 OR                -
 XOR               -

 ADD               -
 ADDCY             2
 SUB               1
 SUBCY             -

 TEST              -
 TESTCY            -
 COMPARE           3
 COMPARECY         -

 SL0               -
 SL1               -
 SLX               -
 SLA               -
 RL                -
 SR0               2
 SR1               -
 SRX               -
 SRA               -
 RR                -

 REGBANK           -

 INPUT             2
 OUTPUT            4
 OUTPUTK           -

 STORE             -
 FETCH             -

 DISABLE           -
 ENABLE            -
 RETURNI           -

 JUMP              5
 JUMP@             -
 CALL              -
 CALL@             -
 RETURN            -
 LOAD&RETURN       -

 HWBUILD           -



End of KCPSM6 log file.
